<?xml version="1.0" encoding="UTF-8"?>
<!-- Generated by org.testng.reporters.JUnitReportReporter -->
<testsuite skipped="0" hostname="LP000253" name="com.guru99.testcases.HomePageTest" tests="2" failures="0" timestamp="24 Mar 2021 14:36:01 GMT" time="41.883" errors="0">
  <testcase name="printNumberOfTopicsUnderGivenHeadingTest" time="17.085" classname="com.guru99.testcases.HomePageTest"/>
  <testcase name="searchGivenCourseAndFindRecordCountTest" time="24.798" classname="com.guru99.testcases.HomePageTest"/>
</testsuite> <!-- com.guru99.testcases.HomePageTest -->
