<?xml version="1.0" encoding="UTF-8"?>
<!-- Generated by org.testng.reporters.JUnitReportReporter -->
<testsuite hostname="LP000253" name="com.guru99.testcases.HomePageTest" tests="2" failures="0" timestamp="24 Mar 2021 14:49:39 GMT" time="46.569" errors="0">
  <testcase name="printNumberOfTopicsUnderGivenHeadingTest" time="17.646" classname="com.guru99.testcases.HomePageTest"/>
  <testcase name="searchGivenCourseAndFindRecordCountTest" time="28.923" classname="com.guru99.testcases.HomePageTest"/>
</testsuite> <!-- com.guru99.testcases.HomePageTest -->
